{"message":"INTERNAL: ONCONNECT","level":"info"}
{"message":"{\"method\":\"TOKEN_AUTH\",\"token\":\"90091903321704167:0:p48ih4IYx70dMvSH7rqYsPTY71sR7n\",\"rem\":true}","level":"info"}
{"message":"INTERNAL: ONMESSAGE","level":"info"}
{"message":"Thu Sep 24 2020 11:21:22 GMT+0200 (Eastern European Standard Time) >>>>>>>>> Update Obj : {\"date\":1600939282024,\"method\":\"TOKEN_AUTH_OK\",\"name\":\"Tester\",\"ID\":\"90091903321704167\",\"localId\":66996009679990}","level":"info"}
{"message":{"date":1600939282024,"method":"TOKEN_AUTH_OK","name":"Tester","ID":"90091903321704167","localId":66996009679990},"level":"info"}
{"message":"method: TOKEN_AUTH_OK","level":"info"}
{"message":"authentocated!","level":"info"}
{"message":"====> Your Bot Id is : 90091903321704167","level":"info"}
{"message":"====> Your Bot Name is : Tester","level":"info"}
{"message":"Authenticated","level":"info"}
{"message":"INTERNAL: ONMESSAGE","level":"info"}
{"message":"Thu Sep 24 2020 11:21:43 GMT+0200 (Eastern European Standard Time) >>>>>>>>> Update Obj : {\"method\":\"message\",\"message\":{\"date\":1600939302518,\"reference\":2218,\"chat\":{\"name\":\"Amir Salah\",\"id\":\"90089668723575679\",\"terminal\":\"Mobile\",\"type\":\"Contact\",\"version\":\"('0HNt','1QBk','2c2H','31RN')\"},\"sent_to\":{\"id\":\"90091903321704167\"},\"message_id\":\"i1_SBcINcuC126282\",\"style\":0,\"from\":{\"name\":\"Amir Salah\",\"id\":\"90089668723575679\",\"terminal\":\"Mobile\",\"type\":\"Contact\",\"version\":\"('0HNt','1QBk','2c2H','31RN')\"},\"text\":\"Hello\",\"type\":\"text\"}}","level":"info"}
{"method":"message","message":{"date":1600939302518,"reference":2218,"chat":{"name":"Amir Salah","id":"90089668723575679","terminal":"Mobile","type":"Contact","version":"('0HNt','1QBk','2c2H','31RN')"},"sent_to":{"id":"90091903321704167"},"message_id":"i1_SBcINcuC126282","style":0,"from":{"name":"Amir Salah","id":"90089668723575679","terminal":"Mobile","type":"Contact","version":"('0HNt','1QBk','2c2H','31RN')"},"text":"Hello","type":"text"},"level":"info"}
{"message":"method: message","level":"info"}
{"message":"Message Received","level":"info"}
{"message":"Thu Sep 24 2020 11:21:43 GMT+0200 (Eastern European Standard Time)>>>>>> Sending Message :{\"method\":\"sendMessage\",\"chat_id\":\"90089668723575679\",\"reference\":69852002039989,\"text\":\"Hello\"}","level":"info"}
{"message":"INTERNAL: ONMESSAGE","level":"info"}
{"message":"Thu Sep 24 2020 11:21:43 GMT+0200 (Eastern European Standard Time) >>>>>>>>> Update Obj : {\"method\":\"messageAck\",\"ack\":{\"reference\":69852002039989,\"date\":1600939303323,\"message_id\":\"p1_GERL3fEP423149\"}}","level":"info"}
{"message":{"method":"messageAck","ack":{"reference":69852002039989,"date":1600939303323,"message_id":"p1_GERL3fEP423149"}},"level":"info"}
{"message":"method: messageAck","level":"info"}
{"message":"INTERNAL: ONMESSAGE","level":"info"}
{"message":"Thu Sep 24 2020 11:21:43 GMT+0200 (Eastern European Standard Time) >>>>>>>>> Update Obj : {\"reference\":69852002039989,\"method\":\"messageDelivered\",\"message_id\":\"p1_GERL3fEP423149\"}","level":"info"}
{"message":{"reference":69852002039989,"method":"messageDelivered","message_id":"p1_GERL3fEP423149"},"level":"info"}
{"message":"method: messageDelivered","level":"info"}
{"message":"received object: [object Object]","level":"info"}
{"message":"INTERNAL: ONMESSAGE","level":"info"}
{"message":"Thu Sep 24 2020 11:21:43 GMT+0200 (Eastern European Standard Time) >>>>>>>>> Update Obj : {\"method\":\"messageSeen\",\"message_ids\":[\"p1_GERL3fEP423149\"]}","level":"info"}
{"message":{"method":"messageSeen","message_ids":["p1_GERL3fEP423149"]},"level":"info"}
{"message":"method: messageSeen","level":"info"}
{"message":"received object: [object Object]","level":"info"}
{"message":"INTERNAL: ONMESSAGE","level":"info"}
{"message":"Thu Sep 24 2020 11:21:51 GMT+0200 (Eastern European Standard Time) >>>>>>>>> Update Obj : {\"method\":\"PONG\"}","level":"info"}
{"message":{"method":"PONG"},"level":"info"}
{"message":"method: PONG","level":"info"}
{"message":"received object: [object Object]","level":"info"}
{"message":"INTERNAL: ONMESSAGE","level":"info"}
{"message":"Thu Sep 24 2020 11:22:21 GMT+0200 (Eastern European Standard Time) >>>>>>>>> Update Obj : {\"method\":\"PONG\"}","level":"info"}
{"message":{"method":"PONG"},"level":"info"}
{"message":"method: PONG","level":"info"}
{"message":"received object: [object Object]","level":"info"}
{"message":"INTERNAL: ONMESSAGE","level":"info"}
{"message":"Thu Sep 24 2020 11:22:51 GMT+0200 (Eastern European Standard Time) >>>>>>>>> Update Obj : {\"method\":\"PONG\"}","level":"info"}
{"message":{"method":"PONG"},"level":"info"}
{"message":"method: PONG","level":"info"}
{"message":"received object: [object Object]","level":"info"}
